<?xml version="1.0" encoding="UTF-8"?>
<!-- Generated by org.testng.reporters.JUnitReportReporter -->
<testsuite hostname="shree-PC" failures="0" tests="2" name="test1.NewTest1" time="0.009" errors="0" timestamp="2022-04-19T06:41:54 IST" skipped="0">
  <testcase classname="test1.NewTest1" name="f" time="0.004"/>
  <system-out/>
  <testcase classname="test1.NewTest1" name="f1" time="0.005"/>
  <system-out/>
</testsuite> <!-- test1.NewTest1 -->
