<?xml version="1.0" encoding="UTF-8"?>
<!-- Generated by org.testng.reporters.JUnitReportReporter -->
<testsuite hostname="shree-PC" failures="0" tests="5" name="test1.NewTest3" time="0.014" errors="0" timestamp="2022-04-19T07:37:10 IST" skipped="0">
  <testcase classname="test1.NewTest3" name="fNewTest2" time="0.002"/>
  <system-out/>
  <testcase classname="test1.NewTest3" name="fNewTest2" time="0.002"/>
  <system-out/>
  <testcase classname="test1.NewTest3" name="fNewTest2" time="0.002"/>
  <system-out/>
  <testcase classname="test1.NewTest3" name="fNewTest2" time="0.003"/>
  <system-out/>
  <testcase classname="test1.NewTest3" name="fNewTest2" time="0.005"/>
  <system-out/>
</testsuite> <!-- test1.NewTest3 -->
