<?xml version="1.0" encoding="UTF-8"?>
<!-- Generated by org.testng.reporters.JUnitReportReporter -->
<testsuite hostname="shree-PC" failures="0" tests="2" name="test1.NewTest1" time="0.012" errors="0" timestamp="2022-04-19T07:37:10 IST" skipped="0">
  <testcase classname="test1.NewTest1" name="f" time="0.011"/>
  <system-out/>
  <testcase classname="test1.NewTest1" name="f1" time="0.001"/>
  <system-out/>
</testsuite> <!-- test1.NewTest1 -->
