<?xml version="1.0" encoding="UTF-8"?>
<!-- Generated by org.testng.reporters.JUnitReportReporter -->
<testsuite hostname="shree-PC" failures="0" tests="1" name="test1.NewTest2" time="0.012" errors="0" timestamp="2022-04-19T06:45:04 IST" skipped="0">
  <testcase classname="test1.NewTest2" name="fNewTest2" time="0.012"/>
  <system-out/>
</testsuite> <!-- test1.NewTest2 -->
